<?xml version="1.0" encoding="UTF-8"?>
<!-- Generated by org.testng.reporters.JUnitReportReporter -->
<testsuite hostname="Windows81" name="RestApiPratice.CheckResponseTIme" tests="1" failures="0" timestamp="12 Jan 2020 09:03:57 GMT" time="2.387" errors="0">
  <testcase name="assertionTestForRespTime" time="2.387" classname="RestApiPratice.CheckResponseTIme"/>
</testsuite> <!-- RestApiPratice.CheckResponseTIme -->
