<?xml version="1.0" encoding="UTF-8"?>
<!-- Generated by org.testng.reporters.JUnitReportReporter -->
<testsuite hostname="Windows81" name="RestApiPratice.BulkData" tests="1" failures="0" timestamp="26 Jan 2020 06:01:24 GMT" time="2.589" errors="0">
  <testcase name="postBulkdata" time="2.589" classname="RestApiPratice.BulkData"/>
</testsuite> <!-- RestApiPratice.BulkData -->
