<?xml version="1.0" encoding="UTF-8"?>
<!-- Generated by org.testng.reporters.JUnitReportReporter -->
<testsuite hostname="Windows81" name="com.api.testScripts.GetAllCountriesTest" tests="1" failures="0" timestamp="25 Jan 2020 11:01:36 GMT" time="1.045" errors="0">
  <testcase name="fetchAllCountries" time="1.045" classname="com.api.testScripts.GetAllCountriesTest"/>
</testsuite> <!-- com.api.testScripts.GetAllCountriesTest -->
