<?xml version="1.0" encoding="UTF-8"?>
<!-- Generated by org.testng.reporters.JUnitReportReporter -->
<testsuite hostname="Windows81" name="com.api.testScripts.FetchAllCountry" tests="1" failures="0" timestamp="25 Jan 2020 09:03:46 GMT" time="4.999" errors="0">
  <testcase name="getCountries" time="4.999" classname="com.api.testScripts.FetchAllCountry"/>
</testsuite> <!-- com.api.testScripts.FetchAllCountry -->
