<?xml version="1.0" encoding="UTF-8"?>
<!-- Generated by org.testng.reporters.JUnitReportReporter -->
<testsuite hostname="Windows81" name="RestApiPratice.PostBulkData" tests="1" failures="0" timestamp="4 Jan 2020 09:24:54 GMT" time="2.202" errors="0">
  <testcase name="addBulkData" time="2.202" classname="RestApiPratice.PostBulkData"/>
</testsuite> <!-- RestApiPratice.PostBulkData -->
