<?xml version="1.0" encoding="UTF-8"?>
<!-- Generated by org.testng.reporters.JUnitReportReporter -->
<testsuite hostname="Windows81" name="com.api.testScripts.PostObjectInserverTest" tests="1" failures="0" timestamp="25 Jan 2020 11:01:36 GMT" time="2.034" errors="0">
  <testcase name="createData" time="2.034" classname="com.api.testScripts.PostObjectInserverTest"/>
</testsuite> <!-- com.api.testScripts.PostObjectInserverTest -->
