<?xml version="1.0" encoding="UTF-8"?>
<!-- Generated by org.testng.reporters.JUnitReportReporter -->
<testsuite hostname="Windows81" name="RestApiPratice.PostEmployeeData" tests="1" failures="0" timestamp="4 Jan 2020 11:08:20 GMT" time="3.514" errors="0">
  <testcase name="addEmpData" time="3.514" classname="RestApiPratice.PostEmployeeData"/>
</testsuite> <!-- RestApiPratice.PostEmployeeData -->
