<?xml version="1.0" encoding="UTF-8"?>
<!-- Generated by org.testng.reporters.JUnitReportReporter -->
<testsuite hostname="Windows81" name="RestApiPratice.FetchExactData" tests="1" failures="0" timestamp="18 Jan 2020 12:22:55 GMT" time="2.443" errors="0">
  <testcase name="checkJsonPath" time="2.443" classname="RestApiPratice.FetchExactData"/>
</testsuite> <!-- RestApiPratice.FetchExactData -->
