<?xml version="1.0" encoding="UTF-8"?>
<!-- Generated by org.testng.reporters.JUnitReportReporter -->
<testsuite hostname="Windows81" name="RestApiPratice.Parameter" tests="1" failures="0" timestamp="11 Jan 2020 03:33:44 GMT" time="9.519" errors="0">
  <testcase name="checkParameter" time="9.519" classname="RestApiPratice.Parameter"/>
</testsuite> <!-- RestApiPratice.Parameter -->
