<?xml version="1.0" encoding="UTF-8"?>
<!-- Generated by org.testng.reporters.JUnitReportReporter -->
<testsuite hostname="Windows81" name="RestApiPratice.CheckAssertion" tests="1" failures="0" timestamp="11 Jan 2020 04:28:47 GMT" time="2.348" errors="0">
  <testcase name="assertionTest" time="2.348" classname="RestApiPratice.CheckAssertion"/>
</testsuite> <!-- RestApiPratice.CheckAssertion -->
