<?xml version="1.0" encoding="UTF-8"?>
<!-- Generated by org.testng.reporters.JUnitReportReporter -->
<testsuite hostname="Windows81" name="RestApiPratice.GetRealRequest" tests="1" failures="0" timestamp="4 Jan 2020 10:21:18 GMT" time="6.328" errors="0">
  <testcase name="fetchCountryDetails" time="6.328" classname="RestApiPratice.GetRealRequest"/>
</testsuite> <!-- RestApiPratice.GetRealRequest -->
