<?xml version="1.0" encoding="UTF-8"?>
<!-- Generated by org.testng.reporters.JUnitReportReporter -->
<testsuite hostname="Windows81" name="RestApiPratice.GetRequest" tests="1" failures="0" timestamp="4 Jan 2020 10:22:25 GMT" time="2.127" errors="0">
  <testcase name="fetchData" time="2.127" classname="RestApiPratice.GetRequest"/>
</testsuite> <!-- RestApiPratice.GetRequest -->
