<?xml version="1.0" encoding="UTF-8"?>
<!-- Generated by org.testng.reporters.JUnitReportReporter -->
<testsuite hostname="Windows81" name="RestApiPratice.GetEmployeeRequest" tests="1" failures="0" timestamp="4 Jan 2020 10:37:55 GMT" time="3.019" errors="0">
  <testcase name="fetchEmpDetails" time="3.019" classname="RestApiPratice.GetEmployeeRequest"/>
</testsuite> <!-- RestApiPratice.GetEmployeeRequest -->
