<?xml version="1.0" encoding="UTF-8"?>
<!-- Generated by org.testng.reporters.JUnitReportReporter -->
<testsuite hostname="Windows81" name="RestApiPratice.PostRequest" tests="1" failures="0" timestamp="29 Dec 2019 11:02:46 GMT" time="3.108" errors="0">
  <testcase name="addData" time="3.108" classname="RestApiPratice.PostRequest"/>
</testsuite> <!-- RestApiPratice.PostRequest -->
